<!DOCTYPE html>
<html>
<head>
    <title>Unittest Results</title>
    <meta charset="utf-8">
    <meta name="viewport" content="width=device-width, initial-scale=1.0">
    <link rel="stylesheet" href="https://maxcdn.bootstrapcdn.com/bootstrap/3.3.6/css/bootstrap.min.css" integrity="sha384-1q8mTJOASx8j1Au+a5WDVnPi2lkFfwwEAa8hDDdjZlpLegxhjVME1fgjWPGmkzs7" crossorigin="anonymous">
</head>
<body>
    <div class="container">
        <div class="row">
            <div class="col-xs-12">
                <h2 class="text-capitalize">Unittest Results</h2>
                <p class='attribute'><strong>Start Time: </strong>2023-06-04 13:57:14</p>
                <p class='attribute'><strong>Duration: </strong>42.35 s</p>
                <p class='attribute'><strong>Summary: </strong>Total: 2, Pass: 0, Error: 2</p>
            </div>
        </div>
        <div class="row">
            <div class="col-xs-12 col-sm-10 col-md-10">
                <table class='table table-hover table-responsive'>
                    <thead>
                        <tr>
                            <th>__main__.TestEditUser</th>
                            <th>Status</th>
                            <th></th>
                        </tr>
                    </thead>
                    <tbody>
                        <tr class='warning'>
                            <td class="col-xs-10">test_edit_user</td>
                            <td class="col-xs-1">
                                <span class="label label-warning" style="display:block;width:40px;">Error</span>
                            </td>
                            <td class="col-xs-1">
                                <button class="btn btn-default btn-xs">View</button>
                            </td>
                        </tr>
                        <tr style="display:none;">
                            <td class="col-xs-9" colspan="3"><p style="color:maroon;">AttributeError: 'NoneType' object has no attribute 'send_keys'</p><p style="color:maroon;">Traceback (most recent call last):
  File "e:\Learn\QA Engineer\FP-QA\Kelompok17-SanberCode45\admin\tempCodeRunnerFile.py", line 27, in test_edit_user
    driver.find_element(By.XPATH, elem.e_name).send_keys(Keys.CONTROL,"a")
AttributeError: 'NoneType' object has no attribute 'send_keys'
e:\Learn\QA Engineer\FP-QA\Kelompok17-SanberCode45\admin\tempCodeRunnerFile.py:17: DeprecationWarning: executable_path has been deprecated, please pass in a Service object
  self.browser = webdriver.Chrome(ChromeDriverManager().install())
</p>
                            </td>
                        </tr>
                        <tr class='warning'>
                            <td class="col-xs-10">test_edit_user</td>
                            <td class="col-xs-1">
                                <span class="label label-warning" style="display:block;width:40px;">Error</span>
                            </td>
                            <td class="col-xs-1">
                                <button class="btn btn-default btn-xs">View</button>
                            </td>
                        </tr>
                        <tr style="display:none;">
                            <td class="col-xs-9" colspan="3"><p style="color:maroon;">NoSuchWindowException: Message: no such window: target window already closed
from unknown error: web view not found
  (Session info: chrome=114.0.5735.90)
Stacktrace:
Backtrace:
	GetHandleVerifier [0x00CBA813+48355]
	(No symbol) [0x00C4C4B1]
	(No symbol) [0x00B55358]
	(No symbol) [0x00B3D293]
	(No symbol) [0x00B9E37B]
	(No symbol) [0x00BA2842]
	(No symbol) [0x00B9A703]
	(No symbol) [0x00B782DC]
	(No symbol) [0x00B793DD]
	GetHandleVerifier [0x00F1AABD+2539405]
	GetHandleVerifier [0x00F5A78F+2800735]
	GetHandleVerifier [0x00F5456C+2775612]
	GetHandleVerifier [0x00D451E0+616112]
	(No symbol) [0x00C55F8C]
	(No symbol) [0x00C52328]
	(No symbol) [0x00C5240B]
	(No symbol) [0x00C44FF7]
	BaseThreadInitThunk [0x766F7D59+25]
	RtlInitializeExceptionChain [0x7722B74B+107]
	RtlClearBits [0x7722B6CF+191]
</p><p style="color:maroon;">Traceback (most recent call last):
  File "e:\Learn\QA Engineer\FP-QA\Kelompok17-SanberCode45\admin\tempCodeRunnerFile.py", line 43, in tearDown
    self.browser.close()
  File "C:\Users\Irfanadi\AppData\Local\Programs\Python\Python310\lib\site-packages\selenium\webdriver\remote\webdriver.py", line 551, in close
    self.execute(Command.CLOSE)
  File "C:\Users\Irfanadi\AppData\Local\Programs\Python\Python310\lib\site-packages\selenium\webdriver\remote\webdriver.py", line 440, in execute
    self.error_handler.check_response(response)
  File "C:\Users\Irfanadi\AppData\Local\Programs\Python\Python310\lib\site-packages\selenium\webdriver\remote\errorhandler.py", line 245, in check_response
    raise exception_class(message, screen, stacktrace)
selenium.common.exceptions.NoSuchWindowException: Message: no such window: target window already closed
from unknown error: web view not found
  (Session info: chrome=114.0.5735.90)
Stacktrace:
Backtrace:
	GetHandleVerifier [0x00CBA813+48355]
	(No symbol) [0x00C4C4B1]
	(No symbol) [0x00B55358]
	(No symbol) [0x00B3D293]
	(No symbol) [0x00B9E37B]
	(No symbol) [0x00BA2842]
	(No symbol) [0x00B9A703]
	(No symbol) [0x00B782DC]
	(No symbol) [0x00B793DD]
	GetHandleVerifier [0x00F1AABD+2539405]
	GetHandleVerifier [0x00F5A78F+2800735]
	GetHandleVerifier [0x00F5456C+2775612]
	GetHandleVerifier [0x00D451E0+616112]
	(No symbol) [0x00C55F8C]
	(No symbol) [0x00C52328]
	(No symbol) [0x00C5240B]
	(No symbol) [0x00C44FF7]
	BaseThreadInitThunk [0x766F7D59+25]
	RtlInitializeExceptionChain [0x7722B74B+107]
	RtlClearBits [0x7722B6CF+191]

e:\Learn\QA Engineer\FP-QA\Kelompok17-SanberCode45\admin\tempCodeRunnerFile.py:17: DeprecationWarning: executable_path has been deprecated, please pass in a Service object
  self.browser = webdriver.Chrome(ChromeDriverManager().install())
</p>
                            </td>
                        </tr>
                        <tr>
                            <td colspan="3">
                                Total: 2, Pass: 0, Error: 2 -- Duration: 42.35 s
                            </td>
                        </tr>
                    </tbody>
                </table>
            </div>
        </div>
    </div>
    <script src="https://ajax.googleapis.com/ajax/libs/jquery/2.2.4/jquery.min.js"></script>
    <script type="text/javascript">
        $(document).ready(function(){
            $('td').on('click', '.btn', function(e){
                e.preventDefault();
                e.stopImmediatePropagation();
                var $this = $(this);
                var $nextRow = $this.closest('tr').next('tr');
                $nextRow.slideToggle("fast");
                $this.text(function(i, text){
                    if (text === 'View') {
                        return 'Hide';
                    } else {
                        return 'View';
                    };
                });
            });
        });
    </script>
</body>
</html